<?xml version="1.0" encoding="UTF-8"?>
<!-- Generated by org.testng.reporters.JUnitXMLReporter -->
<testsuite ignored="0" hostname="DESKTOP-0AB8V70" failures="0" tests="4" name="Default test" time="17.375" errors="0" timestamp="2024-02-29T18:56:54 IST">
  <testcase classname="tests.UserTestCases" name="testPostUser" time="7.472"/>
  <testcase classname="tests.UserTestCases" name="testGetUserByName" time="2.059"/>
  <testcase classname="tests.UserTestCases" name="testUpdateUserByName" time="3.824"/>
  <testcase classname="tests.UserTestCases" name="testDeleteUserByName" time="1.908"/>
</testsuite> <!-- Default test -->
