<?xml version="1.0" encoding="UTF-8"?>
<testng-results ignored="0" total="14" passed="14" failed="0" skipped="0">
  <reporter-output>
  </reporter-output>
  <suite started-at="2024-03-23T18:00:24 IST" name="PetStoreSuite2" finished-at="2024-03-23T18:01:44 IST" duration-ms="79186">
    <groups>
    </groups>
    <test started-at="2024-03-23T18:00:24 IST" name="PetStoreTest2" finished-at="2024-03-23T18:01:44 IST" duration-ms="79186">
      <class name="tests.UserTestCases">
        <test-method is-config="true" signature="setUp()[pri:0, instance:tests.UserTestCases@48aca48b]" started-at="2024-03-23T18:01:07 IST" name="setUp" finished-at="2024-03-23T18:01:08 IST" duration-ms="714" status="PASS">
          <reporter-output>
          </reporter-output>
        </test-method> <!-- setUp -->
        <test-method signature="testPostUser()[pri:1, instance:tests.UserTestCases@48aca48b]" started-at="2024-03-23T18:01:08 IST" name="testPostUser" finished-at="2024-03-23T18:01:10 IST" duration-ms="1831" status="PASS">
          <reporter-output>
          </reporter-output>
        </test-method> <!-- testPostUser -->
        <test-method signature="testGetUserByName()[pri:2, instance:tests.UserTestCases@48aca48b]" started-at="2024-03-23T18:01:10 IST" name="testGetUserByName" finished-at="2024-03-23T18:01:13 IST" duration-ms="2638" status="PASS">
          <reporter-output>
          </reporter-output>
        </test-method> <!-- testGetUserByName -->
        <test-method signature="testUpdateUserByName()[pri:3, instance:tests.UserTestCases@48aca48b]" started-at="2024-03-23T18:01:13 IST" name="testUpdateUserByName" finished-at="2024-03-23T18:01:21 IST" duration-ms="8552" status="PASS">
          <reporter-output>
          </reporter-output>
        </test-method> <!-- testUpdateUserByName -->
        <test-method signature="testDeleteUserByName()[pri:4, instance:tests.UserTestCases@48aca48b]" started-at="2024-03-23T18:01:21 IST" name="testDeleteUserByName" finished-at="2024-03-23T18:01:25 IST" duration-ms="3673" status="PASS">
          <reporter-output>
          </reporter-output>
        </test-method> <!-- testDeleteUserByName -->
      </class> <!-- tests.UserTestCases -->
      <class name="tests.UserTestCases2">
        <test-method is-config="true" signature="setUp()[pri:0, instance:tests.UserTestCases2@13fd2ccd]" started-at="2024-03-23T18:01:25 IST" name="setUp" finished-at="2024-03-23T18:01:25 IST" duration-ms="100" status="PASS">
          <reporter-output>
          </reporter-output>
        </test-method> <!-- setUp -->
        <test-method signature="testPostUser()[pri:1, instance:tests.UserTestCases2@13fd2ccd]" started-at="2024-03-23T18:01:25 IST" name="testPostUser" finished-at="2024-03-23T18:01:29 IST" duration-ms="3902" status="PASS">
          <reporter-output>
          </reporter-output>
        </test-method> <!-- testPostUser -->
        <test-method signature="testGetUserByName()[pri:2, instance:tests.UserTestCases2@13fd2ccd]" started-at="2024-03-23T18:01:29 IST" name="testGetUserByName" finished-at="2024-03-23T18:01:32 IST" duration-ms="3452" status="PASS">
          <reporter-output>
          </reporter-output>
        </test-method> <!-- testGetUserByName -->
        <test-method signature="testUpdateUserByName()[pri:3, instance:tests.UserTestCases2@13fd2ccd]" started-at="2024-03-23T18:01:32 IST" name="testUpdateUserByName" finished-at="2024-03-23T18:01:41 IST" duration-ms="8386" status="PASS">
          <reporter-output>
          </reporter-output>
        </test-method> <!-- testUpdateUserByName -->
        <test-method signature="testDeleteUserByName()[pri:4, instance:tests.UserTestCases2@13fd2ccd]" started-at="2024-03-23T18:01:41 IST" name="testDeleteUserByName" finished-at="2024-03-23T18:01:44 IST" duration-ms="3035" status="PASS">
          <reporter-output>
          </reporter-output>
        </test-method> <!-- testDeleteUserByName -->
      </class> <!-- tests.UserTestCases2 -->
      <class name="tests.DataDrivenTests">
        <test-method signature="testPostUser(java.lang.String,java.lang.String,java.lang.String,java.lang.String,java.lang.String,java.lang.String,java.lang.String)[pri:1, instance:tests.DataDrivenTests@5a56cdac]" started-at="2024-03-23T18:00:31 IST" name="testPostUser" data-provider="Data" finished-at="2024-03-23T18:00:42 IST" duration-ms="11736" status="PASS">
          <params>
            <param index="0">
              <value>
                <![CDATA[1010]]>
              </value>
            </param>
            <param index="1">
              <value>
                <![CDATA[testuser1]]>
              </value>
            </param>
            <param index="2">
              <value>
                <![CDATA[John]]>
              </value>
            </param>
            <param index="3">
              <value>
                <![CDATA[Kennedy]]>
              </value>
            </param>
            <param index="4">
              <value>
                <![CDATA[jk@gmail.com]]>
              </value>
            </param>
            <param index="5">
              <value>
                <![CDATA[test@user1]]>
              </value>
            </param>
            <param index="6">
              <value>
                <![CDATA[123456789]]>
              </value>
            </param>
          </params>
          <reporter-output>
          </reporter-output>
        </test-method> <!-- testPostUser -->
        <test-method signature="testPostUser(java.lang.String,java.lang.String,java.lang.String,java.lang.String,java.lang.String,java.lang.String,java.lang.String)[pri:1, instance:tests.DataDrivenTests@5a56cdac]" started-at="2024-03-23T18:00:42 IST" name="testPostUser" data-provider="Data" finished-at="2024-03-23T18:00:53 IST" duration-ms="10785" status="PASS">
          <params>
            <param index="0">
              <value>
                <![CDATA[1020]]>
              </value>
            </param>
            <param index="1">
              <value>
                <![CDATA[testuser2]]>
              </value>
            </param>
            <param index="2">
              <value>
                <![CDATA[Kim]]>
              </value>
            </param>
            <param index="3">
              <value>
                <![CDATA[Kom]]>
              </value>
            </param>
            <param index="4">
              <value>
                <![CDATA[kk@gmail.com]]>
              </value>
            </param>
            <param index="5">
              <value>
                <![CDATA[test@user2]]>
              </value>
            </param>
            <param index="6">
              <value>
                <![CDATA[123456789]]>
              </value>
            </param>
          </params>
          <reporter-output>
          </reporter-output>
        </test-method> <!-- testPostUser -->
        <test-method signature="testPostUser(java.lang.String,java.lang.String,java.lang.String,java.lang.String,java.lang.String,java.lang.String,java.lang.String)[pri:1, instance:tests.DataDrivenTests@5a56cdac]" started-at="2024-03-23T18:00:53 IST" name="testPostUser" data-provider="Data" finished-at="2024-03-23T18:00:57 IST" duration-ms="3349" status="PASS">
          <params>
            <param index="0">
              <value>
                <![CDATA[1030]]>
              </value>
            </param>
            <param index="1">
              <value>
                <![CDATA[testuser3]]>
              </value>
            </param>
            <param index="2">
              <value>
                <![CDATA[Smith]]>
              </value>
            </param>
            <param index="3">
              <value>
                <![CDATA[Steve]]>
              </value>
            </param>
            <param index="4">
              <value>
                <![CDATA[ss@gmail.com]]>
              </value>
            </param>
            <param index="5">
              <value>
                <![CDATA[test@user3]]>
              </value>
            </param>
            <param index="6">
              <value>
                <![CDATA[123456789]]>
              </value>
            </param>
          </params>
          <reporter-output>
          </reporter-output>
        </test-method> <!-- testPostUser -->
        <test-method signature="testDeleteUserByName(java.lang.String)[pri:2, instance:tests.DataDrivenTests@5a56cdac]" started-at="2024-03-23T18:00:57 IST" name="testDeleteUserByName" data-provider="UserNames" finished-at="2024-03-23T18:01:00 IST" duration-ms="3009" status="PASS">
          <params>
            <param index="0">
              <value>
                <![CDATA[testuser1]]>
              </value>
            </param>
          </params>
          <reporter-output>
          </reporter-output>
        </test-method> <!-- testDeleteUserByName -->
        <test-method signature="testDeleteUserByName(java.lang.String)[pri:2, instance:tests.DataDrivenTests@5a56cdac]" started-at="2024-03-23T18:01:00 IST" name="testDeleteUserByName" data-provider="UserNames" finished-at="2024-03-23T18:01:05 IST" duration-ms="5436" status="PASS">
          <params>
            <param index="0">
              <value>
                <![CDATA[testuser2]]>
              </value>
            </param>
          </params>
          <reporter-output>
          </reporter-output>
        </test-method> <!-- testDeleteUserByName -->
        <test-method signature="testDeleteUserByName(java.lang.String)[pri:2, instance:tests.DataDrivenTests@5a56cdac]" started-at="2024-03-23T18:01:05 IST" name="testDeleteUserByName" data-provider="UserNames" finished-at="2024-03-23T18:01:07 IST" duration-ms="2089" status="PASS">
          <params>
            <param index="0">
              <value>
                <![CDATA[testuser3]]>
              </value>
            </param>
          </params>
          <reporter-output>
          </reporter-output>
        </test-method> <!-- testDeleteUserByName -->
      </class> <!-- tests.DataDrivenTests -->
    </test> <!-- PetStoreTest2 -->
  </suite> <!-- PetStoreSuite2 -->
</testng-results>
