<?xml version="1.0" encoding="UTF-8"?>
<testng-results ignored="0" total="14" passed="14" failed="0" skipped="0">
  <reporter-output>
  </reporter-output>
  <suite started-at="2024-03-23T13:05:08 IST" name="PetStoreSuite2" finished-at="2024-03-23T13:07:17 IST" duration-ms="128680">
    <groups>
    </groups>
    <test started-at="2024-03-23T13:05:08 IST" name="PetStoreTest2" finished-at="2024-03-23T13:07:17 IST" duration-ms="128680">
      <class name="tests.UserTestCases">
        <test-method is-config="true" signature="setUp()[pri:0, instance:tests.UserTestCases@123ef382]" started-at="2024-03-23T13:06:06 IST" name="setUp" finished-at="2024-03-23T13:06:07 IST" duration-ms="359" status="PASS">
          <reporter-output>
          </reporter-output>
        </test-method> <!-- setUp -->
        <test-method signature="testPostUser()[pri:1, instance:tests.UserTestCases@123ef382]" started-at="2024-03-23T13:06:07 IST" name="testPostUser" finished-at="2024-03-23T13:06:09 IST" duration-ms="2355" status="PASS">
          <reporter-output>
          </reporter-output>
        </test-method> <!-- testPostUser -->
        <test-method signature="testGetUserByName()[pri:2, instance:tests.UserTestCases@123ef382]" started-at="2024-03-23T13:06:09 IST" name="testGetUserByName" finished-at="2024-03-23T13:06:22 IST" duration-ms="12859" status="PASS">
          <reporter-output>
          </reporter-output>
        </test-method> <!-- testGetUserByName -->
        <test-method signature="testUpdateUserByName()[pri:3, instance:tests.UserTestCases@123ef382]" started-at="2024-03-23T13:06:22 IST" name="testUpdateUserByName" finished-at="2024-03-23T13:06:40 IST" duration-ms="18329" status="PASS">
          <reporter-output>
          </reporter-output>
        </test-method> <!-- testUpdateUserByName -->
        <test-method signature="testDeleteUserByName()[pri:4, instance:tests.UserTestCases@123ef382]" started-at="2024-03-23T13:06:40 IST" name="testDeleteUserByName" finished-at="2024-03-23T13:06:47 IST" duration-ms="7040" status="PASS">
          <reporter-output>
          </reporter-output>
        </test-method> <!-- testDeleteUserByName -->
      </class> <!-- tests.UserTestCases -->
      <class name="tests.UserTestCases2">
        <test-method is-config="true" signature="setUp()[pri:0, instance:tests.UserTestCases2@dbf57b3]" started-at="2024-03-23T13:06:47 IST" name="setUp" finished-at="2024-03-23T13:06:48 IST" duration-ms="106" status="PASS">
          <reporter-output>
          </reporter-output>
        </test-method> <!-- setUp -->
        <test-method signature="testPostUser()[pri:1, instance:tests.UserTestCases2@dbf57b3]" started-at="2024-03-23T13:06:48 IST" name="testPostUser" finished-at="2024-03-23T13:06:51 IST" duration-ms="3894" status="PASS">
          <reporter-output>
          </reporter-output>
        </test-method> <!-- testPostUser -->
        <test-method signature="testGetUserByName()[pri:2, instance:tests.UserTestCases2@dbf57b3]" started-at="2024-03-23T13:06:51 IST" name="testGetUserByName" finished-at="2024-03-23T13:06:59 IST" duration-ms="7477" status="PASS">
          <reporter-output>
          </reporter-output>
        </test-method> <!-- testGetUserByName -->
        <test-method signature="testUpdateUserByName()[pri:3, instance:tests.UserTestCases2@dbf57b3]" started-at="2024-03-23T13:06:59 IST" name="testUpdateUserByName" finished-at="2024-03-23T13:07:09 IST" duration-ms="10442" status="PASS">
          <reporter-output>
          </reporter-output>
        </test-method> <!-- testUpdateUserByName -->
        <test-method signature="testDeleteUserByName()[pri:4, instance:tests.UserTestCases2@dbf57b3]" started-at="2024-03-23T13:07:09 IST" name="testDeleteUserByName" finished-at="2024-03-23T13:07:17 IST" duration-ms="7511" status="PASS">
          <reporter-output>
          </reporter-output>
        </test-method> <!-- testDeleteUserByName -->
      </class> <!-- tests.UserTestCases2 -->
      <class name="tests.DataDrivenTests">
        <test-method signature="testPostUser(java.lang.String,java.lang.String,java.lang.String,java.lang.String,java.lang.String,java.lang.String,java.lang.String)[pri:1, instance:tests.DataDrivenTests@1725dc0f]" started-at="2024-03-23T13:05:13 IST" name="testPostUser" data-provider="Data" finished-at="2024-03-23T13:05:19 IST" duration-ms="6495" status="PASS">
          <params>
            <param index="0">
              <value>
                <![CDATA[1010]]>
              </value>
            </param>
            <param index="1">
              <value>
                <![CDATA[testuser1]]>
              </value>
            </param>
            <param index="2">
              <value>
                <![CDATA[John]]>
              </value>
            </param>
            <param index="3">
              <value>
                <![CDATA[Kennedy]]>
              </value>
            </param>
            <param index="4">
              <value>
                <![CDATA[jk@gmail.com]]>
              </value>
            </param>
            <param index="5">
              <value>
                <![CDATA[test@user1]]>
              </value>
            </param>
            <param index="6">
              <value>
                <![CDATA[123456789]]>
              </value>
            </param>
          </params>
          <reporter-output>
          </reporter-output>
        </test-method> <!-- testPostUser -->
        <test-method signature="testPostUser(java.lang.String,java.lang.String,java.lang.String,java.lang.String,java.lang.String,java.lang.String,java.lang.String)[pri:1, instance:tests.DataDrivenTests@1725dc0f]" started-at="2024-03-23T13:05:19 IST" name="testPostUser" data-provider="Data" finished-at="2024-03-23T13:05:24 IST" duration-ms="4285" status="PASS">
          <params>
            <param index="0">
              <value>
                <![CDATA[1020]]>
              </value>
            </param>
            <param index="1">
              <value>
                <![CDATA[testuser2]]>
              </value>
            </param>
            <param index="2">
              <value>
                <![CDATA[Kim]]>
              </value>
            </param>
            <param index="3">
              <value>
                <![CDATA[Kom]]>
              </value>
            </param>
            <param index="4">
              <value>
                <![CDATA[kk@gmail.com]]>
              </value>
            </param>
            <param index="5">
              <value>
                <![CDATA[test@user2]]>
              </value>
            </param>
            <param index="6">
              <value>
                <![CDATA[123456789]]>
              </value>
            </param>
          </params>
          <reporter-output>
          </reporter-output>
        </test-method> <!-- testPostUser -->
        <test-method signature="testPostUser(java.lang.String,java.lang.String,java.lang.String,java.lang.String,java.lang.String,java.lang.String,java.lang.String)[pri:1, instance:tests.DataDrivenTests@1725dc0f]" started-at="2024-03-23T13:05:24 IST" name="testPostUser" data-provider="Data" finished-at="2024-03-23T13:05:27 IST" duration-ms="3683" status="PASS">
          <params>
            <param index="0">
              <value>
                <![CDATA[1030]]>
              </value>
            </param>
            <param index="1">
              <value>
                <![CDATA[testuser3]]>
              </value>
            </param>
            <param index="2">
              <value>
                <![CDATA[Smith]]>
              </value>
            </param>
            <param index="3">
              <value>
                <![CDATA[Steve]]>
              </value>
            </param>
            <param index="4">
              <value>
                <![CDATA[ss@gmail.com]]>
              </value>
            </param>
            <param index="5">
              <value>
                <![CDATA[test@user3]]>
              </value>
            </param>
            <param index="6">
              <value>
                <![CDATA[123456789]]>
              </value>
            </param>
          </params>
          <reporter-output>
          </reporter-output>
        </test-method> <!-- testPostUser -->
        <test-method signature="testDeleteUserByName(java.lang.String)[pri:2, instance:tests.DataDrivenTests@1725dc0f]" started-at="2024-03-23T13:05:27 IST" name="testDeleteUserByName" data-provider="UserNames" finished-at="2024-03-23T13:05:38 IST" duration-ms="10376" status="PASS">
          <params>
            <param index="0">
              <value>
                <![CDATA[testuser1]]>
              </value>
            </param>
          </params>
          <reporter-output>
          </reporter-output>
        </test-method> <!-- testDeleteUserByName -->
        <test-method signature="testDeleteUserByName(java.lang.String)[pri:2, instance:tests.DataDrivenTests@1725dc0f]" started-at="2024-03-23T13:05:38 IST" name="testDeleteUserByName" data-provider="UserNames" finished-at="2024-03-23T13:05:45 IST" duration-ms="7201" status="PASS">
          <params>
            <param index="0">
              <value>
                <![CDATA[testuser2]]>
              </value>
            </param>
          </params>
          <reporter-output>
          </reporter-output>
        </test-method> <!-- testDeleteUserByName -->
        <test-method signature="testDeleteUserByName(java.lang.String)[pri:2, instance:tests.DataDrivenTests@1725dc0f]" started-at="2024-03-23T13:05:45 IST" name="testDeleteUserByName" data-provider="UserNames" finished-at="2024-03-23T13:06:06 IST" duration-ms="21394" status="PASS">
          <params>
            <param index="0">
              <value>
                <![CDATA[testuser3]]>
              </value>
            </param>
          </params>
          <reporter-output>
          </reporter-output>
        </test-method> <!-- testDeleteUserByName -->
      </class> <!-- tests.DataDrivenTests -->
    </test> <!-- PetStoreTest2 -->
  </suite> <!-- PetStoreSuite2 -->
</testng-results>
