<?xml version="1.0" encoding="UTF-8"?>
<testsuite xmlns:xsi="http://www.w3.org/2001/XMLSchema-instance" xsi:noNamespaceSchemaLocation="https://maven.apache.org/surefire/maven-surefire-plugin/xsd/surefire-test-report-3.0.xsd" version="3.0" name="TestSuite" time="130.755" tests="14" errors="0" skipped="0" failures="0">
  <properties>
[...]
</properties>
  <testcase name="testPostUser[1010, testuser1, John, Kennedy, jk@gmail.com, test@user1, 123456789](1)" classname="tests.DataDrivenTests" time="6.526">
    <system-out><![CDATA[HTTP/1.1 200 OK
Date: Sat, 23 Mar 2024 07:35:18 GMT
Content-Type: application/json
Transfer-Encoding: chunked
Connection: keep-alive
Access-Control-Allow-Origin: *
Access-Control-Allow-Methods: GET, POST, DELETE, PUT
Access-Control-Allow-Headers: Content-Type, api_key, Authorization
Server: Jetty(9.2.9.v20150224)

{
    "code": 200,
    "type": "unknown",
    "message": "1010"
}
]]></system-out>
    <system-err><![CDATA[SLF4J: Failed to load class "org.slf4j.impl.StaticLoggerBinder".
SLF4J: Defaulting to no-operation (NOP) logger implementation
SLF4J: See http://www.slf4j.org/codes.html#StaticLoggerBinder for further details.
]]></system-err>
  </testcase>
  <testcase name="testPostUser[1020, testuser2, Kim, Kom, kk@gmail.com, test@user2, 123456789](2)" classname="tests.DataDrivenTests" time="4.292">
    <system-out><![CDATA[HTTP/1.1 200 OK
Date: Sat, 23 Mar 2024 07:35:23 GMT
Content-Type: application/json
Transfer-Encoding: chunked
Connection: keep-alive
Access-Control-Allow-Origin: *
Access-Control-Allow-Methods: GET, POST, DELETE, PUT
Access-Control-Allow-Headers: Content-Type, api_key, Authorization
Server: Jetty(9.2.9.v20150224)

{
    "code": 200,
    "type": "unknown",
    "message": "1020"
}
]]></system-out>
  </testcase>
  <testcase name="testPostUser[1030, testuser3, Smith, Steve, ss@gmail.com, test@user3, 123456789](3)" classname="tests.DataDrivenTests" time="3.665">
    <system-out><![CDATA[HTTP/1.1 200 OK
Date: Sat, 23 Mar 2024 07:35:26 GMT
Content-Type: application/json
Transfer-Encoding: chunked
Connection: keep-alive
Access-Control-Allow-Origin: *
Access-Control-Allow-Methods: GET, POST, DELETE, PUT
Access-Control-Allow-Headers: Content-Type, api_key, Authorization
Server: Jetty(9.2.9.v20150224)

{
    "code": 200,
    "type": "unknown",
    "message": "1030"
}
]]></system-out>
  </testcase>
  <testcase name="testDeleteUserByName[testuser1](1)" classname="tests.DataDrivenTests" time="10.377"/>
  <testcase name="testDeleteUserByName[testuser2](2)" classname="tests.DataDrivenTests" time="7.204"/>
  <testcase name="testDeleteUserByName[testuser3](3)" classname="tests.DataDrivenTests" time="21.396"/>
  <testcase name="testPostUser" classname="tests.UserTestCases" time="2.367">
    <system-out><![CDATA[HTTP/1.1 200 OK
Date: Sat, 23 Mar 2024 07:36:08 GMT
Content-Type: application/json
Transfer-Encoding: chunked
Connection: keep-alive
Access-Control-Allow-Origin: *
Access-Control-Allow-Methods: GET, POST, DELETE, PUT
Access-Control-Allow-Headers: Content-Type, api_key, Authorization
Server: Jetty(9.2.9.v20150224)

{
    "code": 200,
    "type": "unknown",
    "message": "1423900009"
}
]]></system-out>
  </testcase>
  <testcase name="testGetUserByName" classname="tests.UserTestCases" time="12.853">
    <system-out><![CDATA[HTTP/1.1 200 OK
Date: Sat, 23 Mar 2024 07:36:12 GMT
Content-Type: application/json
Transfer-Encoding: chunked
Connection: keep-alive
Access-Control-Allow-Origin: *
Access-Control-Allow-Methods: GET, POST, DELETE, PUT
Access-Control-Allow-Headers: Content-Type, api_key, Authorization
Server: Jetty(9.2.9.v20150224)

{
    "id": 1423900009,
    "username": "juan.metz",
    "firstName": "Damion",
    "lastName": "Tillman",
    "email": "phillis.dickens@example.com",
    "password": "fy7fnf",
    "phone": "(262) 997-5925",
    "userStatus": 0
}
]]></system-out>
  </testcase>
  <testcase name="testUpdateUserByName" classname="tests.UserTestCases" time="18.325">
    <system-out><![CDATA[HTTP/1.1 200 OK
Date: Sat, 23 Mar 2024 07:36:34 GMT
Content-Type: application/json
Transfer-Encoding: chunked
Connection: keep-alive
Access-Control-Allow-Origin: *
Access-Control-Allow-Methods: GET, POST, DELETE, PUT
Access-Control-Allow-Headers: Content-Type, api_key, Authorization
Server: Jetty(9.2.9.v20150224)

{
    "code": 200,
    "type": "unknown",
    "message": "1423900009"
}
]]></system-out>
  </testcase>
  <testcase name="testDeleteUserByName" classname="tests.UserTestCases" time="7.04"/>
  <testcase name="testPostUser" classname="tests.UserTestCases2" time="3.903">
    <system-out><![CDATA[HTTP/1.1 200 OK
Date: Sat, 23 Mar 2024 07:36:50 GMT
Content-Type: application/json
Transfer-Encoding: chunked
Connection: keep-alive
Access-Control-Allow-Origin: *
Access-Control-Allow-Methods: GET, POST, DELETE, PUT
Access-Control-Allow-Headers: Content-Type, api_key, Authorization
Server: Jetty(9.2.9.v20150224)

{
    "code": 200,
    "type": "unknown",
    "message": "1036078976"
}
]]></system-out>
  </testcase>
  <testcase name="testGetUserByName" classname="tests.UserTestCases2" time="7.489">
    <system-out><![CDATA[HTTP/1.1 200 OK
Date: Sat, 23 Mar 2024 07:36:57 GMT
Content-Type: application/json
Transfer-Encoding: chunked
Connection: keep-alive
Access-Control-Allow-Origin: *
Access-Control-Allow-Methods: GET, POST, DELETE, PUT
Access-Control-Allow-Headers: Content-Type, api_key, Authorization
Server: Jetty(9.2.9.v20150224)

{
    "id": 1036078976,
    "username": "alfredo.hilll",
    "firstName": "Rodney",
    "lastName": "Huels",
    "email": "danille.gibson@example.com",
    "password": "55kk645",
    "phone": "1-484-322-2761",
    "userStatus": 0
}
]]></system-out>
  </testcase>
  <testcase name="testUpdateUserByName" classname="tests.UserTestCases2" time="10.426">
    <system-out><![CDATA[HTTP/1.1 200 OK
Date: Sat, 23 Mar 2024 07:37:04 GMT
Content-Type: application/json
Transfer-Encoding: chunked
Connection: keep-alive
Access-Control-Allow-Origin: *
Access-Control-Allow-Methods: GET, POST, DELETE, PUT
Access-Control-Allow-Headers: Content-Type, api_key, Authorization
Server: Jetty(9.2.9.v20150224)

{
    "code": 200,
    "type": "unknown",
    "message": "1036078976"
}
]]></system-out>
  </testcase>
  <testcase name="testDeleteUserByName" classname="tests.UserTestCases2" time="7.51"/>
</testsuite>