<?xml version="1.0" encoding="UTF-8"?>
<testng-results ignored="0" total="14" passed="14" failed="0" skipped="0">
  <reporter-output>
  </reporter-output>
  <suite started-at="2024-03-01T13:12:22 IST" name="PetStoreSuite2" finished-at="2024-03-01T13:13:00 IST" duration-ms="37824">
    <groups>
    </groups>
    <test started-at="2024-03-01T13:12:22 IST" name="PetStoreTest2" finished-at="2024-03-01T13:13:00 IST" duration-ms="37824">
      <class name="tests.UserTestCases">
        <test-method is-config="true" signature="setUp()[pri:0, instance:tests.UserTestCases@6340e5f0]" started-at="2024-03-01T13:12:42 IST" name="setUp" finished-at="2024-03-01T13:12:43 IST" duration-ms="471" status="PASS">
          <reporter-output>
          </reporter-output>
        </test-method> <!-- setUp -->
        <test-method signature="testPostUser()[pri:1, instance:tests.UserTestCases@6340e5f0]" started-at="2024-03-01T13:12:43 IST" name="testPostUser" finished-at="2024-03-01T13:12:44 IST" duration-ms="1596" status="PASS">
          <reporter-output>
          </reporter-output>
        </test-method> <!-- testPostUser -->
        <test-method signature="testGetUserByName()[pri:2, instance:tests.UserTestCases@6340e5f0]" started-at="2024-03-01T13:12:44 IST" name="testGetUserByName" finished-at="2024-03-01T13:12:46 IST" duration-ms="1758" status="PASS">
          <reporter-output>
          </reporter-output>
        </test-method> <!-- testGetUserByName -->
        <test-method signature="testUpdateUserByName()[pri:3, instance:tests.UserTestCases@6340e5f0]" started-at="2024-03-01T13:12:46 IST" name="testUpdateUserByName" finished-at="2024-03-01T13:12:49 IST" duration-ms="3175" status="PASS">
          <reporter-output>
          </reporter-output>
        </test-method> <!-- testUpdateUserByName -->
        <test-method signature="testDeleteUserByName()[pri:4, instance:tests.UserTestCases@6340e5f0]" started-at="2024-03-01T13:12:49 IST" name="testDeleteUserByName" finished-at="2024-03-01T13:12:51 IST" duration-ms="1584" status="PASS">
          <reporter-output>
          </reporter-output>
        </test-method> <!-- testDeleteUserByName -->
      </class> <!-- tests.UserTestCases -->
      <class name="tests.UserTestCases2">
        <test-method is-config="true" signature="setUp()[pri:0, instance:tests.UserTestCases2@45099dd3]" started-at="2024-03-01T13:12:51 IST" name="setUp" finished-at="2024-03-01T13:12:51 IST" duration-ms="119" status="PASS">
          <reporter-output>
          </reporter-output>
        </test-method> <!-- setUp -->
        <test-method signature="testPostUser()[pri:1, instance:tests.UserTestCases2@45099dd3]" started-at="2024-03-01T13:12:51 IST" name="testPostUser" finished-at="2024-03-01T13:12:53 IST" duration-ms="1643" status="PASS">
          <reporter-output>
          </reporter-output>
        </test-method> <!-- testPostUser -->
        <test-method signature="testGetUserByName()[pri:2, instance:tests.UserTestCases2@45099dd3]" started-at="2024-03-01T13:12:53 IST" name="testGetUserByName" finished-at="2024-03-01T13:12:54 IST" duration-ms="1595" status="PASS">
          <reporter-output>
          </reporter-output>
        </test-method> <!-- testGetUserByName -->
        <test-method signature="testUpdateUserByName()[pri:3, instance:tests.UserTestCases2@45099dd3]" started-at="2024-03-01T13:12:54 IST" name="testUpdateUserByName" finished-at="2024-03-01T13:12:58 IST" duration-ms="3652" status="PASS">
          <reporter-output>
          </reporter-output>
        </test-method> <!-- testUpdateUserByName -->
        <test-method signature="testDeleteUserByName()[pri:4, instance:tests.UserTestCases2@45099dd3]" started-at="2024-03-01T13:12:58 IST" name="testDeleteUserByName" finished-at="2024-03-01T13:13:00 IST" duration-ms="1594" status="PASS">
          <reporter-output>
          </reporter-output>
        </test-method> <!-- testDeleteUserByName -->
      </class> <!-- tests.UserTestCases2 -->
      <class name="tests.DataDrivenTests">
        <test-method signature="testPostUser(java.lang.String,java.lang.String,java.lang.String,java.lang.String,java.lang.String,java.lang.String,java.lang.String)[pri:1, instance:tests.DataDrivenTests@1151e434]" started-at="2024-03-01T13:12:26 IST" name="testPostUser" data-provider="Data" finished-at="2024-03-01T13:12:32 IST" duration-ms="5947" status="PASS">
          <params>
            <param index="0">
              <value>
                <![CDATA[1010]]>
              </value>
            </param>
            <param index="1">
              <value>
                <![CDATA[testuser1]]>
              </value>
            </param>
            <param index="2">
              <value>
                <![CDATA[John]]>
              </value>
            </param>
            <param index="3">
              <value>
                <![CDATA[Kennedy]]>
              </value>
            </param>
            <param index="4">
              <value>
                <![CDATA[jk@gmail.com]]>
              </value>
            </param>
            <param index="5">
              <value>
                <![CDATA[test@user1]]>
              </value>
            </param>
            <param index="6">
              <value>
                <![CDATA[123456789]]>
              </value>
            </param>
          </params>
          <reporter-output>
          </reporter-output>
        </test-method> <!-- testPostUser -->
        <test-method signature="testPostUser(java.lang.String,java.lang.String,java.lang.String,java.lang.String,java.lang.String,java.lang.String,java.lang.String)[pri:1, instance:tests.DataDrivenTests@1151e434]" started-at="2024-03-01T13:12:32 IST" name="testPostUser" data-provider="Data" finished-at="2024-03-01T13:12:34 IST" duration-ms="2230" status="PASS">
          <params>
            <param index="0">
              <value>
                <![CDATA[1020]]>
              </value>
            </param>
            <param index="1">
              <value>
                <![CDATA[testuser2]]>
              </value>
            </param>
            <param index="2">
              <value>
                <![CDATA[Kim]]>
              </value>
            </param>
            <param index="3">
              <value>
                <![CDATA[Kom]]>
              </value>
            </param>
            <param index="4">
              <value>
                <![CDATA[kk@gmail.com]]>
              </value>
            </param>
            <param index="5">
              <value>
                <![CDATA[test@user2]]>
              </value>
            </param>
            <param index="6">
              <value>
                <![CDATA[123456789]]>
              </value>
            </param>
          </params>
          <reporter-output>
          </reporter-output>
        </test-method> <!-- testPostUser -->
        <test-method signature="testPostUser(java.lang.String,java.lang.String,java.lang.String,java.lang.String,java.lang.String,java.lang.String,java.lang.String)[pri:1, instance:tests.DataDrivenTests@1151e434]" started-at="2024-03-01T13:12:34 IST" name="testPostUser" data-provider="Data" finished-at="2024-03-01T13:12:36 IST" duration-ms="2033" status="PASS">
          <params>
            <param index="0">
              <value>
                <![CDATA[1030]]>
              </value>
            </param>
            <param index="1">
              <value>
                <![CDATA[testuser3]]>
              </value>
            </param>
            <param index="2">
              <value>
                <![CDATA[Smith]]>
              </value>
            </param>
            <param index="3">
              <value>
                <![CDATA[Steve]]>
              </value>
            </param>
            <param index="4">
              <value>
                <![CDATA[ss@gmail.com]]>
              </value>
            </param>
            <param index="5">
              <value>
                <![CDATA[test@user3]]>
              </value>
            </param>
            <param index="6">
              <value>
                <![CDATA[123456789]]>
              </value>
            </param>
          </params>
          <reporter-output>
          </reporter-output>
        </test-method> <!-- testPostUser -->
        <test-method signature="testDeleteUserByName(java.lang.String)[pri:2, instance:tests.DataDrivenTests@1151e434]" started-at="2024-03-01T13:12:37 IST" name="testDeleteUserByName" data-provider="UserNames" finished-at="2024-03-01T13:12:39 IST" duration-ms="2094" status="PASS">
          <params>
            <param index="0">
              <value>
                <![CDATA[testuser1]]>
              </value>
            </param>
          </params>
          <reporter-output>
          </reporter-output>
        </test-method> <!-- testDeleteUserByName -->
        <test-method signature="testDeleteUserByName(java.lang.String)[pri:2, instance:tests.DataDrivenTests@1151e434]" started-at="2024-03-01T13:12:39 IST" name="testDeleteUserByName" data-provider="UserNames" finished-at="2024-03-01T13:12:40 IST" duration-ms="1688" status="PASS">
          <params>
            <param index="0">
              <value>
                <![CDATA[testuser2]]>
              </value>
            </param>
          </params>
          <reporter-output>
          </reporter-output>
        </test-method> <!-- testDeleteUserByName -->
        <test-method signature="testDeleteUserByName(java.lang.String)[pri:2, instance:tests.DataDrivenTests@1151e434]" started-at="2024-03-01T13:12:40 IST" name="testDeleteUserByName" data-provider="UserNames" finished-at="2024-03-01T13:12:42 IST" duration-ms="1962" status="PASS">
          <params>
            <param index="0">
              <value>
                <![CDATA[testuser3]]>
              </value>
            </param>
          </params>
          <reporter-output>
          </reporter-output>
        </test-method> <!-- testDeleteUserByName -->
      </class> <!-- tests.DataDrivenTests -->
    </test> <!-- PetStoreTest2 -->
  </suite> <!-- PetStoreSuite2 -->
</testng-results>
