<?xml version="1.0" encoding="UTF-8"?>
<testng-results ignored="0" total="4" passed="4" failed="0" skipped="0">
  <reporter-output>
  </reporter-output>
  <suite started-at="2024-02-29T18:56:37 IST" name="Default suite" finished-at="2024-02-29T18:56:54 IST" duration-ms="17375">
    <groups>
    </groups>
    <test started-at="2024-02-29T18:56:37 IST" name="Default test" finished-at="2024-02-29T18:56:54 IST" duration-ms="17375">
      <class name="tests.UserTestCases">
        <test-method is-config="true" signature="setUp()[pri:0, instance:tests.UserTestCases@5824a83d]" started-at="2024-02-29T18:56:37 IST" name="setUp" finished-at="2024-02-29T18:56:39 IST" duration-ms="1987" status="PASS">
          <reporter-output>
          </reporter-output>
        </test-method> <!-- setUp -->
        <test-method signature="testPostUser()[pri:1, instance:tests.UserTestCases@5824a83d]" started-at="2024-02-29T18:56:39 IST" name="testPostUser" finished-at="2024-02-29T18:56:46 IST" duration-ms="7472" status="PASS">
          <reporter-output>
          </reporter-output>
        </test-method> <!-- testPostUser -->
        <test-method signature="testGetUserByName()[pri:2, instance:tests.UserTestCases@5824a83d]" started-at="2024-02-29T18:56:46 IST" name="testGetUserByName" finished-at="2024-02-29T18:56:48 IST" duration-ms="2059" status="PASS">
          <reporter-output>
          </reporter-output>
        </test-method> <!-- testGetUserByName -->
        <test-method signature="testUpdateUserByName()[pri:3, instance:tests.UserTestCases@5824a83d]" started-at="2024-02-29T18:56:48 IST" name="testUpdateUserByName" finished-at="2024-02-29T18:56:52 IST" duration-ms="3824" status="PASS">
          <reporter-output>
          </reporter-output>
        </test-method> <!-- testUpdateUserByName -->
        <test-method signature="testDeleteUserByName()[pri:4, instance:tests.UserTestCases@5824a83d]" started-at="2024-02-29T18:56:52 IST" name="testDeleteUserByName" finished-at="2024-02-29T18:56:54 IST" duration-ms="1908" status="PASS">
          <reporter-output>
          </reporter-output>
        </test-method> <!-- testDeleteUserByName -->
      </class> <!-- tests.UserTestCases -->
    </test> <!-- Default test -->
  </suite> <!-- Default suite -->
</testng-results>
