<?xml version="1.0" encoding="UTF-8"?>
<!-- Generated by org.testng.reporters.JUnitXMLReporter -->
<testsuite ignored="0" hostname="DESKTOP-0AB8V70" failures="0" tests="14" name="PetStoreTest2" time="43.362" errors="0" timestamp="2024-02-29T18:51:49 IST">
  <testcase classname="tests.DataDrivenTests" name="testPostUser" time="6.507"/>
  <testcase classname="tests.DataDrivenTests" name="testPostUser" time="2.194"/>
  <testcase classname="tests.DataDrivenTests" name="testPostUser" time="2.048"/>
  <testcase classname="tests.DataDrivenTests" name="testDeleteUserByName" time="1.751"/>
  <testcase classname="tests.DataDrivenTests" name="testDeleteUserByName" time="1.755"/>
  <testcase classname="tests.DataDrivenTests" name="testDeleteUserByName" time="2.238"/>
  <testcase classname="tests.UserTestCases" name="testPostUser" time="2.061"/>
  <testcase classname="tests.UserTestCases" name="testGetUserByName" time="1.76"/>
  <testcase classname="tests.UserTestCases" name="testUpdateUserByName" time="3.503"/>
  <testcase classname="tests.UserTestCases" name="testDeleteUserByName" time="1.909"/>
  <testcase classname="tests.UserTestCases2" name="testPostUser" time="1.86"/>
  <testcase classname="tests.UserTestCases2" name="testGetUserByName" time="1.864"/>
  <testcase classname="tests.UserTestCases2" name="testUpdateUserByName" time="7.412"/>
  <testcase classname="tests.UserTestCases2" name="testDeleteUserByName" time="1.857"/>
</testsuite> <!-- PetStoreTest2 -->
