<?xml version="1.0" encoding="UTF-8"?>
<!-- Generated by org.testng.reporters.JUnitXMLReporter -->
<testsuite ignored="0" hostname="DESKTOP-0AB8V70" failures="0" tests="14" name="PetStoreTest2" time="128.68" errors="0" timestamp="2024-03-23T13:07:18 IST">
  <testcase classname="tests.DataDrivenTests" name="testPostUser" time="6.495"/>
  <testcase classname="tests.DataDrivenTests" name="testPostUser" time="4.285"/>
  <testcase classname="tests.DataDrivenTests" name="testPostUser" time="3.683"/>
  <testcase classname="tests.DataDrivenTests" name="testDeleteUserByName" time="10.376"/>
  <testcase classname="tests.DataDrivenTests" name="testDeleteUserByName" time="7.201"/>
  <testcase classname="tests.DataDrivenTests" name="testDeleteUserByName" time="21.394"/>
  <testcase classname="tests.UserTestCases" name="testPostUser" time="2.355"/>
  <testcase classname="tests.UserTestCases" name="testGetUserByName" time="12.859"/>
  <testcase classname="tests.UserTestCases" name="testUpdateUserByName" time="18.329"/>
  <testcase classname="tests.UserTestCases" name="testDeleteUserByName" time="7.04"/>
  <testcase classname="tests.UserTestCases2" name="testPostUser" time="3.894"/>
  <testcase classname="tests.UserTestCases2" name="testGetUserByName" time="7.477"/>
  <testcase classname="tests.UserTestCases2" name="testUpdateUserByName" time="10.442"/>
  <testcase classname="tests.UserTestCases2" name="testDeleteUserByName" time="7.511"/>
</testsuite> <!-- PetStoreTest2 -->
