<?xml version="1.0" encoding="UTF-8"?>
<!-- Generated by org.testng.reporters.JUnitXMLReporter -->
<testsuite ignored="0" hostname="DESKTOP-0AB8V70" failures="0" tests="14" name="PetStoreTest2" time="44.234" errors="0" timestamp="2024-03-01T08:27:27 IST">
  <testcase classname="tests.DataDrivenTests" name="testPostUser" time="7.913"/>
  <testcase classname="tests.DataDrivenTests" name="testPostUser" time="2.336"/>
  <testcase classname="tests.DataDrivenTests" name="testPostUser" time="2.232"/>
  <testcase classname="tests.DataDrivenTests" name="testDeleteUserByName" time="2.191"/>
  <testcase classname="tests.DataDrivenTests" name="testDeleteUserByName" time="1.918"/>
  <testcase classname="tests.DataDrivenTests" name="testDeleteUserByName" time="1.918"/>
  <testcase classname="tests.UserTestCases" name="testPostUser" time="1.824"/>
  <testcase classname="tests.UserTestCases" name="testGetUserByName" time="2.233"/>
  <testcase classname="tests.UserTestCases" name="testUpdateUserByName" time="4.152"/>
  <testcase classname="tests.UserTestCases" name="testDeleteUserByName" time="1.916"/>
  <testcase classname="tests.UserTestCases2" name="testPostUser" time="2.1"/>
  <testcase classname="tests.UserTestCases2" name="testGetUserByName" time="1.768"/>
  <testcase classname="tests.UserTestCases2" name="testUpdateUserByName" time="3.67"/>
  <testcase classname="tests.UserTestCases2" name="testDeleteUserByName" time="1.761"/>
</testsuite> <!-- PetStoreTest2 -->
